Copyright 1986-2018 Xilinx, Inc. All Rights Reserved.
-------------------------------------------------------------------------------------------
| Tool Version : Vivado v.2018.2 (win64) Build 2258646 Thu Jun 14 20:03:12 MDT 2018
| Date         : Sun Jun 11 21:16:27 2023
| Host         : LAPTOP-KKLN5P31 running 64-bit major release  (build 9200)
| Command      : report_control_sets -verbose -file Microprocessor_control_sets_placed.rpt
| Design       : Microprocessor
| Device       : xc7a35t
-------------------------------------------------------------------------------------------

Control Set Information

Table of Contents
-----------------
1. Summary
2. Histogram
3. Flip-Flop Distribution
4. Detailed Control Set Information

1. Summary
----------

+----------------------------------------------------------+-------+
|                          Status                          | Count |
+----------------------------------------------------------+-------+
| Number of unique control sets                            |     7 |
| Unused register locations in slices containing registers |     8 |
+----------------------------------------------------------+-------+


2. Histogram
------------

+--------+--------------+
| Fanout | Control Sets |
+--------+--------------+
|      6 |            2 |
|      8 |            3 |
|     14 |            1 |
|    16+ |            1 |
+--------+--------------+


3. Flip-Flop Distribution
-------------------------

+--------------+-----------------------+------------------------+-----------------+--------------+
| Clock Enable | Synchronous Set/Reset | Asynchronous Set/Reset | Total Registers | Total Slices |
+--------------+-----------------------+------------------------+-----------------+--------------+
| No           | No                    | No                     |              12 |            3 |
| No           | No                    | Yes                    |               0 |            0 |
| No           | Yes                   | No                     |              76 |           11 |
| Yes          | No                    | No                     |               0 |            0 |
| Yes          | No                    | Yes                    |               0 |            0 |
| Yes          | Yes                   | No                     |              24 |            3 |
+--------------+-----------------------+------------------------+-----------------+--------------+


4. Detailed Control Set Information
-----------------------------------

+----------------------------------+---------------------------------+------------------------------+------------------+----------------+
|           Clock Signal           |          Enable Signal          |       Set/Reset Signal       | Slice Load Count | Bel Load Count |
+----------------------------------+---------------------------------+------------------------------+------------------+----------------+
|  Clk_IBUF_BUFG                   |                                 |                              |                1 |              6 |
|  Program_Counter_0/Q_reg[2]_0[0] |                                 |                              |                2 |              6 |
|  slow_clock_BUFG                 | Program_Counter_0/Q_reg[0]_1[0] | Reset_IBUF                   |                1 |              8 |
|  slow_clock_BUFG                 | Program_Counter_0/E[0]          | Reset_IBUF                   |                1 |              8 |
|  slow_clock_BUFG                 | Program_Counter_0/Q_reg[0]_0[0] | Reset_IBUF                   |                1 |              8 |
|  slow_clock_BUFG                 |                                 | Reset_IBUF                   |                3 |             14 |
|  Clk_IBUF_BUFG                   |                                 | Slow_Clk_0/count[31]_i_1_n_0 |                8 |             62 |
+----------------------------------+---------------------------------+------------------------------+------------------+----------------+


